# JRE version: Java(TM) SE Runtime Environment (20.0.2+9) (build 20.0.2+9-78)
# Java VM: Java HotSpot(TM) 64-Bit Server VM (20.0.2+9-78, mixed mode, emulated-client, sharing, tiered, compressed oops, compressed class ptrs, g1 gc, windows-amd64)
GC Precious Log:
 CardTable entry size: 512
 Card Set container configuration: InlinePtr #cards 5 size 8 Array Of Cards #cards 12 size 40 Howl #buckets 4 coarsen threshold 1843 Howl Bitmap #cards 512 size 80 coarsen threshold 460 Card regions per heap region 1 cards per card region 2048
 CPUs: 12 total, 12 available
 Memory: 7967M
 Large Page Support: Disabled
 NUMA Support: Disabled
 Compressed Oops: Enabled (32-bit)
 Heap Region Size: 1M
 Heap Min Capacity: 8M
 Heap Initial Capacity: 126M
 Heap Max Capacity: 1992M
 Pre-touch: Disabled
 Parallel Workers: 10
 Concurrent Workers: 3
 Concurrent Refinement Workers: 10
 Periodic GC: Disabled
Heap:
 garbage-first heap   total 78848K, used 42918K [0x0000000083800000, 0x0000000100000000)
  region size 1024K, 22 young (22528K), 6 survivors (6144K)
 Metaspace       used 65396K, committed 66240K, reserved 1114112K
  class space    used 9238K, committed 9600K, reserved 1048576K
GC Heap History (20 events):
Event: 2.879 GC heap before
{Heap before GC invocations=14 (full 0):
 garbage-first heap   total 73728K, used 62593K [0x0000000083800000, 0x0000000100000000)
  region size 1024K, 43 young (44032K), 3 survivors (3072K)
 Metaspace       used 42003K, committed 42624K, reserved 1114112K
  class space    used 5638K, committed 5888K, reserved 1048576K
}
Event: 2.881 GC heap after
{Heap after GC invocations=15 (full 0):
 garbage-first heap   total 73728K, used 22349K [0x0000000083800000, 0x0000000100000000)
  region size 1024K, 4 young (4096K), 4 survivors (4096K)
 Metaspace       used 42003K, committed 42624K, reserved 1114112K
  class space    used 5638K, committed 5888K, reserved 1048576K
}
Event: 3.097 GC heap before
{Heap before GC invocations=15 (full 0):
 garbage-first heap   total 73728K, used 62285K [0x0000000083800000, 0x0000000100000000)
  region size 1024K, 43 young (44032K), 4 survivors (4096K)
 Metaspace       used 46665K, committed 47232K, reserved 1114112K
  class space    used 6313K, committed 6592K, reserved 1048576K
}
Event: 3.100 GC heap after
{Heap after GC invocations=16 (full 0):
 garbage-first heap   total 73728K, used 23237K [0x0000000083800000, 0x0000000100000000)
  region size 1024K, 5 young (5120K), 5 survivors (5120K)
 Metaspace       used 46665K, committed 47232K, reserved 1114112K
  class space    used 6313K, committed 6592K, reserved 1048576K
}
Event: 3.345 GC heap before
{Heap before GC invocations=16 (full 0):
 garbage-first heap   total 73728K, used 62149K [0x0000000083800000, 0x0000000100000000)
  region size 1024K, 43 young (44032K), 5 survivors (5120K)
 Metaspace       used 50462K, committed 51136K, reserved 1114112K
  class space    used 6942K, committed 7232K, reserved 1048576K
}
Event: 3.348 GC heap after
{Heap after GC invocations=17 (full 0):
 garbage-first heap   total 73728K, used 23940K [0x0000000083800000, 0x0000000100000000)
  region size 1024K, 4 young (4096K), 4 survivors (4096K)
 Metaspace       used 50462K, committed 51136K, reserved 1114112K
  class space    used 6942K, committed 7232K, reserved 1048576K
}
Event: 3.505 GC heap before
{Heap before GC invocations=17 (full 0):
 garbage-first heap   total 73728K, used 51588K [0x0000000083800000, 0x0000000100000000)
  region size 1024K, 32 young (32768K), 4 survivors (4096K)
 Metaspace       used 53406K, committed 54080K, reserved 1114112K
  class space    used 7372K, committed 7680K, reserved 1048576K
}
Event: 3.508 GC heap after
{Heap after GC invocations=18 (full 0):
 garbage-first heap   total 73728K, used 24192K [0x0000000083800000, 0x0000000100000000)
  region size 1024K, 4 young (4096K), 4 survivors (4096K)
 Metaspace       used 53406K, committed 54080K, reserved 1114112K
  class space    used 7372K, committed 7680K, reserved 1048576K
}
Event: 3.836 GC heap before
{Heap before GC invocations=19 (full 0):
 garbage-first heap   total 73728K, used 63104K [0x0000000083800000, 0x0000000100000000)
  region size 1024K, 42 young (43008K), 4 survivors (4096K)
 Metaspace       used 56498K, committed 57152K, reserved 1114112K
  class space    used 7800K, committed 8064K, reserved 1048576K
}
Event: 3.840 GC heap after
{Heap after GC invocations=20 (full 0):
 garbage-first heap   total 89088K, used 25723K [0x0000000083800000, 0x0000000100000000)
  region size 1024K, 5 young (5120K), 5 survivors (5120K)
 Metaspace       used 56498K, committed 57152K, reserved 1114112K
  class space    used 7800K, committed 8064K, reserved 1048576K
}
Event: 4.073 GC heap before
{Heap before GC invocations=20 (full 0):
 garbage-first heap   total 89088K, used 72827K [0x0000000083800000, 0x0000000100000000)
  region size 1024K, 52 young (53248K), 5 survivors (5120K)
 Metaspace       used 60088K, committed 60800K, reserved 1114112K
  class space    used 8405K, committed 8704K, reserved 1048576K
}
Event: 4.077 GC heap after
{Heap after GC invocations=21 (full 0):
 garbage-first heap   total 89088K, used 27579K [0x0000000083800000, 0x0000000100000000)
  region size 1024K, 6 young (6144K), 6 survivors (6144K)
 Metaspace       used 60088K, committed 60800K, reserved 1114112K
  class space    used 8405K, committed 8704K, reserved 1048576K
}
Event: 4.289 GC heap before
{Heap before GC invocations=21 (full 0):
 garbage-first heap   total 89088K, used 73659K [0x0000000083800000, 0x0000000100000000)
  region size 1024K, 52 young (53248K), 6 survivors (6144K)
 Metaspace       used 62989K, committed 63680K, reserved 1114112K
  class space    used 8921K, committed 9216K, reserved 1048576K
}
Event: 4.294 GC heap after
{Heap after GC invocations=22 (full 0):
 garbage-first heap   total 89088K, used 29558K [0x0000000083800000, 0x0000000100000000)
  region size 1024K, 6 young (6144K), 6 survivors (6144K)
 Metaspace       used 62989K, committed 63680K, reserved 1114112K
  class space    used 8921K, committed 9216K, reserved 1048576K
}
Event: 468.392 GC heap before
{Heap before GC invocations=22 (full 0):
 garbage-first heap   total 89088K, used 76662K [0x0000000083800000, 0x0000000100000000)
  region size 1024K, 52 young (53248K), 6 survivors (6144K)
 Metaspace       used 65214K, committed 65984K, reserved 1114112K
  class space    used 9240K, committed 9600K, reserved 1048576K
}
Event: 468.401 GC heap after
{Heap after GC invocations=23 (full 0):
 garbage-first heap   total 89088K, used 31269K [0x0000000083800000, 0x0000000100000000)
  region size 1024K, 4 young (4096K), 4 survivors (4096K)
 Metaspace       used 65214K, committed 65984K, reserved 1114112K
  class space    used 9240K, committed 9600K, reserved 1048576K
}
Event: 1708.851 GC heap before
{Heap before GC invocations=23 (full 0):
 garbage-first heap   total 89088K, used 67109K [0x0000000083800000, 0x0000000100000000)
  region size 1024K, 40 young (40960K), 4 survivors (4096K)
 Metaspace       used 65363K, committed 66112K, reserved 1114112K
  class space    used 9270K, committed 9600K, reserved 1048576K
}
Event: 1708.918 GC heap after
{Heap after GC invocations=24 (full 1):
 garbage-first heap   total 78848K, used 22132K [0x0000000083800000, 0x0000000100000000)
  region size 1024K, 0 young (0K), 0 survivors (0K)
 Metaspace       used 64994K, committed 66112K, reserved 1114112K
  class space    used 9176K, committed 9600K, reserved 1048576K
}
Event: 1710.631 GC heap before
{Heap before GC invocations=24 (full 1):
 garbage-first heap   total 78848K, used 69236K [0x0000000083800000, 0x0000000100000000)
  region size 1024K, 46 young (47104K), 0 survivors (0K)
 Metaspace       used 65284K, committed 66176K, reserved 1114112K
  class space    used 9239K, committed 9600K, reserved 1048576K
}
Event: 1710.638 GC heap after
{Heap after GC invocations=25 (full 1):
 garbage-first heap   total 78848K, used 27558K [0x0000000083800000, 0x0000000100000000)
  region size 1024K, 6 young (6144K), 6 survivors (6144K)
 Metaspace       used 65284K, committed 66176K, reserved 1114112K
  class space    used 9239K, committed 9600K, reserved 1048576K
}

